[2026-01-15 14:20:52] Starting US-801: Home Dashboard Header with Time-Based Greeting
[2026-01-15 14:21:00] Read guardrails.md - core signs reviewed
[2026-01-15 14:21:05] Read errors.log - no blocking issues
[2026-01-15 14:21:10] Read IMPLEMENTATION_PLAN.md - US-801 section found
[2026-01-15 14:21:15] Read AGENTS.md - build command: swift build
[2026-01-15 14:21:30] Audited Sources/Voxa/MainWindow.swift - HomeContentView implementation
[2026-01-15 14:21:45] Audited Sources/Voxa/DesignSystem.swift - displayGreeting font exists
[2026-01-15 14:22:00] Verified US-801 implementation already present in codebase
[2026-01-15 14:22:10] Found commit: 4326ecb feat(dashboard): add time-based greeting header with period (US-801)
[2026-01-15 14:22:30] Running verification: swift build
[2026-01-15 14:22:35] Build PASSED (0.13s)
[2026-01-15 14:22:40] Working tree clean - no changes needed
[2026-01-15 14:23:00] Verified acceptance criteria:
  - [x] Greeting changes based on time of day
  - [x] Subtitle shows last session time
  - [x] Header layout matches design
[2026-01-15 14:23:30] Updated progress.md with run entry
[2026-01-15 14:23:45] Created run summary: run-20260115-142052-88463-iter-1.md
[2026-01-15 14:24:00] Committed documentation: f4ba705
[2026-01-15 14:24:30] US-801 COMPLETE - Phase 11 story 1 of 8
