There are still 4 remaining unchecked stories (US-805, US-806, US-807, US-808) in the PRD. Since US-804 was the selected story and it's now complete, I should not output the completion signal.

Let me provide a summary of what was accomplished:

## Summary

**US-804: Daily Insights Sidebar** - ✅ VERIFIED COMPLETE

The story was already fully implemented and committed as part of the US-803 work. Verification confirmed:

### Implementation Details:
1. **Daily Insights Sidebar in Dashboard** (`dailyInsightsSidebar` in `HomeContentView`)
   - Fixed 280px width in right column
   - Section header with italic serif font (`Font.Voxa.sectionHeaderItalic`)
   - Three insight cards: Words Spoken, Time Saved, Today's Pace

2. **Daily Insights Section in Sidebar** (`DailyInsightsSection` component)
   - Displays in main sidebar when expanded
   - Shows Words Spoken and Time Saved stats

3. **DailyInsightCard Component**
   - Icon in colored circle
   - Large value display (`Font.Voxa.largeTitle`)
   - Percentage change indicator with colored arrows
   - Subtitle/comparison label

4. **UsageStatsManager Integration**
   - `todayWordsSpoken` - words spoken today
   - `wordsSpokenPercentageChange` - percentage change from yesterday
   - `todayTimeSavedFormatted` - estimated time saved
   - `timeSavedComparisonLabel` - "vs typing at 40 WPM"

### Acceptance Criteria:
- ✅ Large numbers displayed prominently
- ✅ Percentage change with colored indicator
- ✅ Stats from actual usage data

### Verification:
- `swift build` → PASS
- Commit: `6d7bcdf docs: update progress log and run logs`
- Post-commit status: clean
