## Summary

US-803: Recent Transcriptions List - Verification Complete

This run verified that the Recent Transcriptions List feature (US-803) is fully implemented and working. The implementation was completed by prior iterations, and this run confirmed all acceptance criteria are met.

**Verification Results:**
- `swift build` -> PASS (Build complete! 0.13s)

**Components Verified:**
1. **Section Header**: Uses `Font.Voxa.sectionHeaderItalic` (serif italic 18pt) for "Recent Transcriptions" title
2. **View All Link**: Button posts `.navigateToHistory` notification to switch to History tab
3. **RecentTranscriptionItem Component**:
   - Icon: Context-aware (waveform in circle with accent light background)
   - Title: First sentence or first 50 chars of transcription
   - Subtitle: Word count and duration (e.g., "42 words • 15.2s")
   - Timestamp: Relative date string (Today, Yesterday, X days ago)
4. **Hover States**: 
   - `isHovered` state changes title color from textPrimary to accent
   - Background highlight with surfaceSecondary.opacity(0.5)
5. **Empty State**: Waveform icon with "No transcriptions yet" message and hotkey hint
6. **Data Connection**: Shows up to 5 entries from `UsageStatsManager.shared.recentEntries`

**Acceptance Criteria:**
- [x] Shows last 3-5 transcriptions
- [x] Each item has icon, title, metadata, timestamp
- [x] Hover highlights and changes title color
- [x] Empty state when no transcriptions

**Key Commit:** d472e51 feat(US-803): Fix Recent Transcriptions List - remove duplicate RecentTranscriptionItem
