## Summary

Successfully implemented US-410: Micro-interactions & Polish. The changes include:

1. **New animated components in DesignSystem.swift:**
   - `AnimatedCheckmark` with draw-in animation for success states
   - `LoadingSpinner` for loading states
   - `PulsingDot` for activity indicators
   - `HoverHighlight` modifier for easy hover effects
   - `TabContentTransition` for smooth tab switching
   - `SuccessFlashOverlay`, `BounceOnAppear`, and `InteractiveScaleStyle` for additional micro-interactions

2. **Tab switching transitions in SettingsWindow.swift:**
   - Added `SettingsTab` enum for state tracking
   - Applied `.tabContentTransition()` to all 6 tabs
   - Smooth opacity+scale animations between tabs

3. **Enhanced hover states on feature rows:**
   - Updated `DebugFeatureRow`, `TranscriptionFeatureRow`, `CleanupFeatureRow`, `InsertionFeatureRow`, and `AudioInfoRow`
   - Icon/text color change and subtle background highlight on hover

4. **Animated success checkmark in toast notifications:**
   - Success toasts now display the `AnimatedCheckmark` component

Commits:
- `3dc442a` feat(US-410): add micro-interactions and polish with animated components
- `93b14d5` docs: update progress log for US-410

All stories in the PRD (US-401 through US-410) are now complete.

<promise>COMPLETE</promise>
