There are 8 more stories remaining in the PRD, so the entire implementation plan is not yet complete. The story US-701 has been successfully implemented.

## Summary

I have successfully completed **US-701: Create SettingsContentView for Main Window**. Here's what was implemented:

1. **SettingsContentView** - A complete settings display in the main window content area with:
   - ScrollView for smooth vertical scrolling
   - Settings header with title and description
   - 6 expandable sections using `SettingsSectionView` component

2. **SettingsSectionView** - A reusable section container with:
   - wispflowCard() styling on background
   - Expandable/collapsible sections with smooth animation
   - Section icon, title, description, and chevron indicator

3. **6 Summary Views** for each settings category:
   - `GeneralSettingsSummary` - App info, hotkey, permission badges
   - `AudioSettingsSummary` - Input device, device count, calibration status
   - `TranscriptionSettingsSummary` - Whisper model with status badge, language
   - `TextCleanupSettingsSummary` - Cleanup toggle, mode, post-processing badges
   - `TextInsertionSettingsSummary` - Insertion method, clipboard preservation
   - `DebugSettingsSummary` - Debug mode, auto-save, last recording info

4. **Supporting Components** - `SettingsInfoRow`, `PermissionBadge`, `ModelStatusIndicator`, `StatusPill`, `MiniFeatureBadge`, `SettingsOpenFullButton`

All acceptance criteria are met:
- ✅ Settings display in main window content area
- ✅ All 6 sections visible with clear headers
- ✅ Consistent styling with other main window views (Color.Wispflow tokens)
- ✅ Smooth scrolling for long content
