# Run Log: run-20260115-142054-88543 iteration 4
# Story: US-804 Daily Insights Sidebar
# Started: 2026-01-15

## Actions Taken

1. Read guardrails.md, errors.log, IMPLEMENTATION_PLAN.md, and AGENTS.md
2. Identified that US-804 is already marked complete in IMPLEMENTATION_PLAN.md
3. Verified all implementation exists in codebase:
   - DailyInsightsSection component in MainWindow.swift (line 1425)
   - DailyInsightsSidebar property in HomeContentView (line 941)
   - DailyInsightCard, PercentageChangeIndicator components
   - UsageStatsManager computed properties for daily stats
4. Ran `swift build` - compilation successful
5. Verified acceptance criteria:
   - [x] Large numbers displayed prominently (Font.Voxa.largeTitle)
   - [x] Percentage change with colored indicator (green/red arrows)
   - [x] Stats from actual usage data (UsageStatsManager)

## Verification Results

- `swift build`: PASS (Build complete!)
- All acceptance criteria: PASS
- No code changes needed - implementation was already complete

## Conclusion

US-804: Daily Insights Sidebar is fully implemented and verified.
The story was completed in a previous iteration. This run confirmed the implementation
matches all acceptance criteria and the build passes.
