Working tree is clean. The US-802: Start Recording Button implementation is complete. Let me provide a summary:

---

## Summary

**US-802: Start Recording Button** is now complete.

### Implementation Details:
- **Pill-shaped button** using `Capsule()` with terracotta (`Color.Voxa.accent`) background
- **Microphone icon** with pulse animation (circle scales 1.0→1.4 and fades) when recording
- **Keyboard shortcut badge** showing "⌘⇧Space" in semi-transparent white capsule
- **Hover lift effect** with increased shadow (6→12 radius), scale (1.02), and Y offset (-2)
- **Recording functionality** connected via NotificationCenter:
  - Button posts `.toggleRecording` notification on tap
  - Subscribes to `.recordingStateChanged` to update UI state
  - Changes to "Stop Recording" with red background when active

### Files Changed:
- `Sources/Voxa/MainWindow.swift` - Added `startRecordingButton`, `shortcutBadge`, state variables, and `toggleRecording()` method
- `Sources/Voxa/AppDelegate.swift` - Added observer for `.toggleRecording` and posting of `.recordingStateChanged`
- `Sources/Voxa/ToastView.swift` - Added `.recordingStateChanged` notification name
- `.ralph/IMPLEMENTATION_PLAN.md` - Marked all US-802 tasks and acceptance criteria complete

### Commits:
- `a5e6541` feat(US-802): implement Start Recording button in dashboard header
- `9b4ddbd` docs: add progress log entry for US-802 verification

### Remaining Stories (6):
US-803 through US-808 are still open in Phase 11 (Minimalist Dashboard UI Redesign).
