These are changes from other parallel runs. The US-801 story work is already complete and committed. Let me update the final status:

## Summary

**US-801: Home Dashboard Header with Time-Based Greeting** has been verified as **COMPLETE**.

### Verification Results:
- ✅ **Build verification:** `swift build` passes
- ✅ **All tasks completed:**
  - Time-based greeting logic (morning <12pm, afternoon 12-5pm, evening >5pm)
  - Playfair Display style font (~48-60pt) via `Font.Voxa.displayGreeting` (52pt serif)
  - Subtitle with last session info in `lastSessionSubtitle`
  - DASHBOARD label (uppercase, tracking-widest with 4pt letter spacing)
  - Date and System Active status in top-right
- ✅ **All acceptance criteria met:**
  - Greeting changes based on time of day
  - Subtitle shows last session time
  - Header layout matches design

### Already Committed:
- Commit: `4326ecb feat(dashboard): add time-based greeting header with period (US-801)`

### Files Changed:
- `Sources/Voxa/MainWindow.swift` - HomeContentView with welcomeSection, greetingMessage, lastSessionSubtitle
- `Sources/Voxa/DesignSystem.swift` - Font.Voxa.displayGreeting (52pt serif)
- `.ralph/IMPLEMENTATION_PLAN.md` - US-801 marked complete

The story was already completed by a parallel agent. This run verified the implementation and confirmed all acceptance criteria are met. There are 7 more stories remaining in Phase 11 (US-802 through US-808).
gn System: DesignSystem.swift
- Font.Voxa.displayGreeting (lines 383-385): 52pt serif font

## Acceptance Criteria Status
- [x] Greeting changes based on time of day
- [x] Subtitle shows last session time
- [x] Header layout matches design

## Outcome
Story already complete. No changes needed.
