[2026-01-15 14:52:00] US-802: Start Recording Button - Verification Run (iteration 2)
[2026-01-15 14:52:05] Guardrails reviewed: yes
[2026-01-15 14:52:10] Read IMPLEMENTATION_PLAN.md - found US-802 section
[2026-01-15 14:52:15] US-802 already marked complete by parallel agents
[2026-01-15 14:52:20] Verified implementation in MainWindow.swift:
  - startRecordingButton view with pill-shaped Capsule()
  - terracotta background (Color.Voxa.accent)
  - microphone icon with pulse animation
  - keyboard shortcut badge "⌘⇧Space"
  - hover lift effect (shadow, scale, Y offset)
[2026-01-15 14:52:25] Verified NotificationCenter integration:
  - Posts .toggleRecording on button tap
  - Subscribes to .recordingStateChanged for state updates
  - StatusBarController posts notification in toggleRecording() and setRecordingState()
[2026-01-15 14:52:30] Verification: swift build -> PASS
[2026-01-15 14:52:35] Post-commit status: clean
[2026-01-15 14:52:40] Commits verified:
  - f81d0c1 feat(US-802): implement Start Recording button in dashboard
  - a5e6541 feat(US-802): implement Start Recording button in dashboard header
[2026-01-15 14:52:45] Run commits:
  - 2bc20a0 docs: update run log for US-802 verification
  - 1cf2519 docs: add progress entry for US-802 verification
  - f794b56 docs: add run summary for US-802 verification
[2026-01-15 14:52:50] US-802 COMPLETE - all acceptance criteria verified

## Summary

US-802: Start Recording Button has been verified complete.

### Acceptance Criteria
- [x] Button triggers recording (posts .toggleRecording notification)
- [x] Hover state with lift effect (shadow radius 6→12, scale 1.02, Y offset -2)
- [x] Shows Stop Recording when active (text, icon, color changes)

### Implementation Details
- Pill-shaped button using Capsule() with Color.Voxa.accent (terracotta)
- Microphone icon with pulse animation (Circle scales 1.0→1.4, fades)
- Keyboard shortcut badge "⌘⇧Space" in semi-transparent capsule
- NotificationCenter integration for recording state sync
- Button changes to "Stop Recording" with red background when active

### Remaining Stories
6 stories remain in Phase 11 (Minimalist Dashboard UI Redesign):
- US-803: Recent Transcriptions List
- US-804: Daily Insights Sidebar
- US-805: Quick Tools Section
- US-806: Sidebar Navigation Redesign
- US-807: Dashboard Layout Grid
- US-808: Typography System Update
